<?xml version="1.0" encoding="UTF-8"?>
<!-- Generated by org.testng.reporters.JUnitXMLReporter -->
<testsuite hostname="QJ07312731" ignored="0" name="Academy.ValidateTitle" tests="1" failures="1" timestamp="2020-08-14T16:31:48 CDT" time="17.491" errors="0">
  <testcase name="webElementsCheck" time="7.417" classname="Academy.ValidateTitle">
    <failure type="java.lang.AssertionError" message="expected [FEATURED1 COURSES] but found [FEATURED COURSES]">
      <![CDATA[java.lang.AssertionError: expected [FEATURED1 COURSES] but found [FEATURED COURSES]
at Academy.ValidateTitle.webElementsCheck(ValidateTitle.java:39)
at java.util.ArrayList.forEach(ArrayList.java:1257)
at java.util.concurrent.FutureTask.run(FutureTask.java:266)
at java.util.concurrent.ThreadPoolExecutor.runWorker(ThreadPoolExecutor.java:1149)
at java.util.concurrent.ThreadPoolExecutor$Worker.run(ThreadPoolExecutor.java:624)
at java.lang.Thread.run(Thread.java:748)
... Removed 23 stack frames]]>
    </failure>
  </testcase> <!-- webElementsCheck -->
</testsuite> <!-- Academy.ValidateTitle -->
